D:\USERS\马一宁\DESKTOP\201536551381马一宁\2大作业最终版\SCUT_HELPER_CLIENT\CLIENT\DEBUG\.NETFRAMEWORK,VERSION=V4.0.ASSEMBLYATTRIBUTES.OBJ
D:\USERS\马一宁\DESKTOP\201536551381马一宁\2大作业最终版\SCUT_HELPER_CLIENT\CLIENT\DEBUG\ASSEMBLYINFO.OBJ
D:\Users\马一宁\Desktop\201536551381马一宁\2大作业最终版\Scut_Helper_Client\Client\Debug\cl.command.1.tlog
D:\Users\马一宁\Desktop\201536551381马一宁\2大作业最终版\Scut_Helper_Client\Client\Debug\CL.read.1.tlog
D:\Users\马一宁\Desktop\201536551381马一宁\2大作业最终版\Scut_Helper_Client\Client\Debug\CL.write.1.tlog
D:\Users\马一宁\Desktop\201536551381马一宁\2大作业最终版\Scut_Helper_Client\Client\Debug\Client.CardFindInfo.resources
D:\Users\马一宁\Desktop\201536551381马一宁\2大作业最终版\Scut_Helper_Client\Client\Debug\Client.ChatForm.resources
D:\Users\马一宁\Desktop\201536551381马一宁\2大作业最终版\Scut_Helper_Client\Client\Debug\Client.Date_Keeper.resources
D:\Users\马一宁\Desktop\201536551381马一宁\2大作业最终版\Scut_Helper_Client\Client\Debug\Client.ExchangePlatform.resources
D:\USERS\马一宁\DESKTOP\201536551381马一宁\2大作业最终版\SCUT_HELPER_CLIENT\CLIENT\DEBUG\CLIENT.EXE.INTERMEDIATE.MANIFEST
D:\Users\马一宁\Desktop\201536551381马一宁\2大作业最终版\Scut_Helper_Client\Client\Debug\Client.FriendList.resources
D:\Users\马一宁\Desktop\201536551381马一宁\2大作业最终版\Scut_Helper_Client\Client\Debug\Client.Information.resources
D:\Users\马一宁\Desktop\201536551381马一宁\2大作业最终版\Scut_Helper_Client\Client\Debug\Client.LoginForm.resources
D:\Users\马一宁\Desktop\201536551381马一宁\2大作业最终版\Scut_Helper_Client\Client\Debug\Client.mine.resources
D:\USERS\马一宁\DESKTOP\201536551381马一宁\2大作业最终版\SCUT_HELPER_CLIENT\CLIENT\DEBUG\CLIENT.OBJ
D:\USERS\马一宁\DESKTOP\201536551381马一宁\2大作业最终版\SCUT_HELPER_CLIENT\CLIENT\DEBUG\CLIENT.PCH
D:\Users\马一宁\Desktop\201536551381马一宁\2大作业最终版\Scut_Helper_Client\Client\Debug\Client.PersonalInfo.resources
D:\Users\马一宁\Desktop\201536551381马一宁\2大作业最终版\Scut_Helper_Client\Client\Debug\Client.RegisterForm.resources
D:\Users\马一宁\Desktop\201536551381马一宁\2大作业最终版\Scut_Helper_Client\Client\Debug\Client.SMainForm.resources
D:\Users\马一宁\Desktop\201536551381马一宁\2大作业最终版\Scut_Helper_Client\Client\Debug\Client.TMainForm.resources
D:\Users\马一宁\Desktop\201536551381马一宁\2大作业最终版\Scut_Helper_Client\Client\Debug\Client.UserInfo.resources
D:\Users\马一宁\Desktop\201536551381马一宁\2大作业最终版\Scut_Helper_Client\Client\Debug\Client.vcxproj.GenerateResource.Cache
D:\Users\马一宁\Desktop\201536551381马一宁\2大作业最终版\Scut_Helper_Client\Client\Debug\Client.write.1.tlog
D:\USERS\马一宁\DESKTOP\201536551381马一宁\2大作业最终版\SCUT_HELPER_CLIENT\CLIENT\DEBUG\ICON.RES
D:\Users\马一宁\Desktop\201536551381马一宁\2大作业最终版\Scut_Helper_Client\Client\Debug\link.9628.read.1.tlog
D:\Users\马一宁\Desktop\201536551381马一宁\2大作业最终版\Scut_Helper_Client\Client\Debug\link.9628.write.1.tlog
D:\Users\马一宁\Desktop\201536551381马一宁\2大作业最终版\Scut_Helper_Client\Client\Debug\link.9628-cvtres.read.1.tlog
D:\Users\马一宁\Desktop\201536551381马一宁\2大作业最终版\Scut_Helper_Client\Client\Debug\link.9628-cvtres.write.1.tlog
D:\Users\马一宁\Desktop\201536551381马一宁\2大作业最终版\Scut_Helper_Client\Client\Debug\link.command.1.tlog
D:\Users\马一宁\Desktop\201536551381马一宁\2大作业最终版\Scut_Helper_Client\Client\Debug\link.read.1.tlog
D:\Users\马一宁\Desktop\201536551381马一宁\2大作业最终版\Scut_Helper_Client\Client\Debug\link.write.1.tlog
D:\USERS\马一宁\DESKTOP\201536551381马一宁\2大作业最终版\SCUT_HELPER_CLIENT\CLIENT\DEBUG\LOGIN_FUN.OBJ
D:\Users\马一宁\Desktop\201536551381马一宁\2大作业最终版\Scut_Helper_Client\Client\Debug\mt.command.1.tlog
D:\Users\马一宁\Desktop\201536551381马一宁\2大作业最终版\Scut_Helper_Client\Client\Debug\mt.read.1.tlog
D:\Users\马一宁\Desktop\201536551381马一宁\2大作业最终版\Scut_Helper_Client\Client\Debug\mt.write.1.tlog
D:\Users\马一宁\Desktop\201536551381马一宁\2大作业最终版\Scut_Helper_Client\Client\Debug\rc.command.1.tlog
D:\Users\马一宁\Desktop\201536551381马一宁\2大作业最终版\Scut_Helper_Client\Client\Debug\rc.read.1.tlog
D:\Users\马一宁\Desktop\201536551381马一宁\2大作业最终版\Scut_Helper_Client\Client\Debug\rc.write.1.tlog
D:\USERS\马一宁\DESKTOP\201536551381马一宁\2大作业最终版\SCUT_HELPER_CLIENT\CLIENT\DEBUG\REGISTER_FUN.OBJ
D:\USERS\马一宁\DESKTOP\201536551381马一宁\2大作业最终版\SCUT_HELPER_CLIENT\CLIENT\DEBUG\STDAFX.OBJ
D:\USERS\马一宁\DESKTOP\201536551381马一宁\2大作业最终版\SCUT_HELPER_CLIENT\CLIENT\DEBUG\VC100.PDB
D:\USERS\马一宁\DESKTOP\201536551381马一宁\2大作业最终版\SCUT_HELPER_CLIENT\DEBUG\CLIENT.EXE
D:\USERS\马一宁\DESKTOP\201536551381马一宁\2大作业最终版\SCUT_HELPER_CLIENT\DEBUG\CLIENT.ILK
D:\USERS\马一宁\DESKTOP\201536551381马一宁\2大作业最终版\SCUT_HELPER_CLIENT\DEBUG\CLIENT.PDB
D:\Users\马一宁\Desktop\201536551381马一宁\2大作业最终版\Scut_Helper_Client\Debug\MySql.Fabric.Plugin.dll
