C:\Users\hjr51\Desktop\大作业bak\Scut_Helper\Release\MySql.Fabric.Plugin.dll
D:\Scut_Helper\Release\MySql.Fabric.Plugin.dll
D:\Users\马一宁\Desktop\201536551381马一宁\2大作业最终版\Scut_Helper_Client\Client\Release\.NETFramework,Version=v4.0.AssemblyAttributes.obj
D:\Users\马一宁\Desktop\201536551381马一宁\2大作业最终版\Scut_Helper_Client\Client\Release\app.res
D:\Users\马一宁\Desktop\201536551381马一宁\2大作业最终版\Scut_Helper_Client\Client\Release\AssemblyInfo.obj
D:\Users\马一宁\Desktop\201536551381马一宁\2大作业最终版\Scut_Helper_Client\Client\Release\cl.command.1.tlog
D:\Users\马一宁\Desktop\201536551381马一宁\2大作业最终版\Scut_Helper_Client\Client\Release\CL.read.1.tlog
D:\Users\马一宁\Desktop\201536551381马一宁\2大作业最终版\Scut_Helper_Client\Client\Release\CL.write.1.tlog
D:\Users\马一宁\Desktop\201536551381马一宁\2大作业最终版\Scut_Helper_Client\Client\Release\Client.CardFindInfo.resources
D:\Users\马一宁\Desktop\201536551381马一宁\2大作业最终版\Scut_Helper_Client\Client\Release\Client.ChatForm.resources
D:\Users\马一宁\Desktop\201536551381马一宁\2大作业最终版\Scut_Helper_Client\Client\Release\Client.Date_Keeper.resources
D:\Users\马一宁\Desktop\201536551381马一宁\2大作业最终版\Scut_Helper_Client\Client\Release\Client.ExchangePlatform.resources
D:\Users\马一宁\Desktop\201536551381马一宁\2大作业最终版\Scut_Helper_Client\Client\Release\Client.exe.intermediate.manifest
D:\Users\马一宁\Desktop\201536551381马一宁\2大作业最终版\Scut_Helper_Client\Client\Release\Client.FriendList.resources
D:\Users\马一宁\Desktop\201536551381马一宁\2大作业最终版\Scut_Helper_Client\Client\Release\Client.Information.resources
D:\Users\马一宁\Desktop\201536551381马一宁\2大作业最终版\Scut_Helper_Client\Client\Release\Client.LoginForm.resources
D:\Users\马一宁\Desktop\201536551381马一宁\2大作业最终版\Scut_Helper_Client\Client\Release\Client.mine.resources
D:\Users\马一宁\Desktop\201536551381马一宁\2大作业最终版\Scut_Helper_Client\Client\Release\Client.obj
D:\Users\马一宁\Desktop\201536551381马一宁\2大作业最终版\Scut_Helper_Client\Client\Release\Client.pch
D:\Users\马一宁\Desktop\201536551381马一宁\2大作业最终版\Scut_Helper_Client\Client\Release\Client.PersonalInfo.resources
D:\Users\马一宁\Desktop\201536551381马一宁\2大作业最终版\Scut_Helper_Client\Client\Release\Client.RegisterForm.resources
D:\Users\马一宁\Desktop\201536551381马一宁\2大作业最终版\Scut_Helper_Client\Client\Release\Client.SMainForm.resources
D:\Users\马一宁\Desktop\201536551381马一宁\2大作业最终版\Scut_Helper_Client\Client\Release\Client.TMainForm.resources
D:\Users\马一宁\Desktop\201536551381马一宁\2大作业最终版\Scut_Helper_Client\Client\Release\Client.UserInfo.resources
D:\Users\马一宁\Desktop\201536551381马一宁\2大作业最终版\Scut_Helper_Client\Client\Release\Client.vcxproj.GenerateResource.Cache
D:\Users\马一宁\Desktop\201536551381马一宁\2大作业最终版\Scut_Helper_Client\Client\Release\Client.vcxprojResolveAssemblyReference.cache
D:\Users\马一宁\Desktop\201536551381马一宁\2大作业最终版\Scut_Helper_Client\Client\Release\Client.write.1.tlog
D:\Users\马一宁\Desktop\201536551381马一宁\2大作业最终版\Scut_Helper_Client\Client\Release\icon.res
D:\Users\马一宁\Desktop\201536551381马一宁\2大作业最终版\Scut_Helper_Client\Client\Release\link.command.1.tlog
D:\Users\马一宁\Desktop\201536551381马一宁\2大作业最终版\Scut_Helper_Client\Client\Release\link.read.1.tlog
D:\Users\马一宁\Desktop\201536551381马一宁\2大作业最终版\Scut_Helper_Client\Client\Release\link.write.1.tlog
D:\Users\马一宁\Desktop\201536551381马一宁\2大作业最终版\Scut_Helper_Client\Client\Release\link-cvtres.read.1.tlog
D:\Users\马一宁\Desktop\201536551381马一宁\2大作业最终版\Scut_Helper_Client\Client\Release\link-cvtres.write.1.tlog
D:\Users\马一宁\Desktop\201536551381马一宁\2大作业最终版\Scut_Helper_Client\Client\Release\Login_fun.obj
D:\Users\马一宁\Desktop\201536551381马一宁\2大作业最终版\Scut_Helper_Client\Client\Release\metagen.read.1.tlog
D:\Users\马一宁\Desktop\201536551381马一宁\2大作业最终版\Scut_Helper_Client\Client\Release\metagen.write.1.tlog
D:\Users\马一宁\Desktop\201536551381马一宁\2大作业最终版\Scut_Helper_Client\Client\Release\mt.command.1.tlog
D:\Users\马一宁\Desktop\201536551381马一宁\2大作业最终版\Scut_Helper_Client\Client\Release\mt.read.1.tlog
D:\Users\马一宁\Desktop\201536551381马一宁\2大作业最终版\Scut_Helper_Client\Client\Release\mt.write.1.tlog
D:\Users\马一宁\Desktop\201536551381马一宁\2大作业最终版\Scut_Helper_Client\Client\Release\rc.command.1.tlog
D:\Users\马一宁\Desktop\201536551381马一宁\2大作业最终版\Scut_Helper_Client\Client\Release\rc.read.1.tlog
D:\Users\马一宁\Desktop\201536551381马一宁\2大作业最终版\Scut_Helper_Client\Client\Release\rc.write.1.tlog
D:\Users\马一宁\Desktop\201536551381马一宁\2大作业最终版\Scut_Helper_Client\Client\Release\Register_fun.obj
D:\Users\马一宁\Desktop\201536551381马一宁\2大作业最终版\Scut_Helper_Client\Client\Release\stdafx.obj
D:\Users\马一宁\Desktop\201536551381马一宁\2大作业最终版\Scut_Helper_Client\Client\Release\vc100.pdb
D:\Users\马一宁\Desktop\201536551381马一宁\2大作业最终版\Scut_Helper_Client\Release\Client.exe
D:\Users\马一宁\Desktop\201536551381马一宁\2大作业最终版\Scut_Helper_Client\Release\Client.pdb
D:\Users\马一宁\Desktop\201536551381马一宁\2大作业最终版\Scut_Helper_Client\Release\MySql.Fabric.Plugin.dll
D:\Users\马一宁\Desktop\Scut_Helper\Release\MySql.Fabric.Plugin.dll
D:\USERS\马一宁\DESKTOP\大作业BAK\SCUT_HELPER\SCUT_HELPER\CLIENT\RELEASE\.NETFRAMEWORK,VERSION=V4.0.ASSEMBLYATTRIBUTES.OBJ
D:\USERS\马一宁\DESKTOP\大作业BAK\SCUT_HELPER\SCUT_HELPER\CLIENT\RELEASE\APP.RES
D:\USERS\马一宁\DESKTOP\大作业BAK\SCUT_HELPER\SCUT_HELPER\CLIENT\RELEASE\ASSEMBLYINFO.OBJ
D:\USERS\马一宁\DESKTOP\大作业BAK\SCUT_HELPER\SCUT_HELPER\CLIENT\RELEASE\CLIENT.EXE.INTERMEDIATE.MANIFEST
D:\USERS\马一宁\DESKTOP\大作业BAK\SCUT_HELPER\SCUT_HELPER\CLIENT\RELEASE\CLIENT.OBJ
D:\USERS\马一宁\DESKTOP\大作业BAK\SCUT_HELPER\SCUT_HELPER\CLIENT\RELEASE\CLIENT.PCH
D:\USERS\马一宁\DESKTOP\大作业BAK\SCUT_HELPER\SCUT_HELPER\CLIENT\RELEASE\LOGIN_FUN.OBJ
D:\USERS\马一宁\DESKTOP\大作业BAK\SCUT_HELPER\SCUT_HELPER\CLIENT\RELEASE\REGISTER_FUN.OBJ
D:\USERS\马一宁\DESKTOP\大作业BAK\SCUT_HELPER\SCUT_HELPER\CLIENT\RELEASE\STDAFX.OBJ
D:\USERS\马一宁\DESKTOP\大作业BAK\SCUT_HELPER\SCUT_HELPER\CLIENT\RELEASE\VC100.PDB
D:\USERS\马一宁\DESKTOP\大作业BAK\SCUT_HELPER\SCUT_HELPER\RELEASE\CLIENT.EXE
D:\USERS\马一宁\DESKTOP\大作业BAK\SCUT_HELPER\SCUT_HELPER\RELEASE\CLIENT.PDB
D:\Users\马一宁\Desktop\大作业bak\Scut_Helper\Scut_Helper\Release\MySql.Fabric.Plugin.dll
D:\USERS\马一宁\DESKTOP\大作业最终版2\SCUT_HELPER_CLIENT\CLIENT\RELEASE\.NETFRAMEWORK,VERSION=V4.0.ASSEMBLYATTRIBUTES.OBJ
D:\USERS\马一宁\DESKTOP\大作业最终版2\SCUT_HELPER_CLIENT\CLIENT\RELEASE\ASSEMBLYINFO.OBJ
D:\USERS\马一宁\DESKTOP\大作业最终版2\SCUT_HELPER_CLIENT\CLIENT\RELEASE\CLIENT.EXE.INTERMEDIATE.MANIFEST
D:\USERS\马一宁\DESKTOP\大作业最终版2\SCUT_HELPER_CLIENT\CLIENT\RELEASE\CLIENT.OBJ
D:\USERS\马一宁\DESKTOP\大作业最终版2\SCUT_HELPER_CLIENT\CLIENT\RELEASE\CLIENT.PCH
D:\USERS\马一宁\DESKTOP\大作业最终版2\SCUT_HELPER_CLIENT\CLIENT\RELEASE\ICON.RES
D:\USERS\马一宁\DESKTOP\大作业最终版2\SCUT_HELPER_CLIENT\CLIENT\RELEASE\LOGIN_FUN.OBJ
D:\USERS\马一宁\DESKTOP\大作业最终版2\SCUT_HELPER_CLIENT\CLIENT\RELEASE\REGISTER_FUN.OBJ
D:\USERS\马一宁\DESKTOP\大作业最终版2\SCUT_HELPER_CLIENT\CLIENT\RELEASE\STDAFX.OBJ
D:\USERS\马一宁\DESKTOP\大作业最终版2\SCUT_HELPER_CLIENT\CLIENT\RELEASE\VC100.PDB
D:\USERS\马一宁\DESKTOP\大作业最终版2\SCUT_HELPER_CLIENT\RELEASE\CLIENT.EXE
D:\USERS\马一宁\DESKTOP\大作业最终版2\SCUT_HELPER_CLIENT\RELEASE\CLIENT.PDB
D:\Users\马一宁\Desktop\大作业最终版2\Scut_Helper_Client\Release\MySql.Fabric.Plugin.dll
E:\DesktopTemp\Scut_Helper\Release\MySql.Fabric.Plugin.dll
E:\大作业\大作业最终版\SCUT_HELPER_CLIENT\CLIENT\RELEASE\.NETFRAMEWORK,VERSION=V4.0.ASSEMBLYATTRIBUTES.OBJ
E:\大作业\大作业最终版\SCUT_HELPER_CLIENT\CLIENT\RELEASE\APP.RES
E:\大作业\大作业最终版\SCUT_HELPER_CLIENT\CLIENT\RELEASE\ASSEMBLYINFO.OBJ
E:\大作业\大作业最终版\SCUT_HELPER_CLIENT\CLIENT\RELEASE\CLIENT.EXE.INTERMEDIATE.MANIFEST
E:\大作业\大作业最终版\SCUT_HELPER_CLIENT\CLIENT\RELEASE\CLIENT.OBJ
E:\大作业\大作业最终版\SCUT_HELPER_CLIENT\CLIENT\RELEASE\CLIENT.PCH
E:\大作业\大作业最终版\SCUT_HELPER_CLIENT\CLIENT\RELEASE\ICON.RES
E:\大作业\大作业最终版\SCUT_HELPER_CLIENT\CLIENT\RELEASE\LOGIN_FUN.OBJ
E:\大作业\大作业最终版\SCUT_HELPER_CLIENT\CLIENT\RELEASE\METAGEN.WRITE.1.TLOG
E:\大作业\大作业最终版\SCUT_HELPER_CLIENT\CLIENT\RELEASE\REGISTER_FUN.OBJ
E:\大作业\大作业最终版\SCUT_HELPER_CLIENT\CLIENT\RELEASE\STDAFX.OBJ
E:\大作业\大作业最终版\SCUT_HELPER_CLIENT\CLIENT\RELEASE\VC100.PDB
E:\大作业\大作业最终版\SCUT_HELPER_CLIENT\RELEASE\CLIENT.EXE
E:\大作业\大作业最终版\SCUT_HELPER_CLIENT\RELEASE\CLIENT.PDB
E:\大作业\大作业最终版\Scut_Helper_Client\Release\MySql.Fabric.Plugin.dll
X:\Users\锐\Desktop\SCUT_Helper\Release\MySql.Fabric.Plugin.dll
